<?xml version="1.0" encoding="UTF-8"?>
<!-- Generated by org.testng.reporters.JUnitXMLReporter -->
<testsuite ignored="2" hostname="Mac.localdomain" failures="0" tests="8" name="chromeTest" time="107.457" errors="0" timestamp="2025-02-18T11:07:01 CST">
  <testcase classname="testCases.TC01_LaunchApplication" name="testLaunchApplication" time="0.029"/>
  <testcase classname="testCases.TC03_AddToCart" name="testAddToCart" time="4.152"/>
  <testcase classname="testCases.TC02_Login" name="testLogin" time="3.682"/>
  <testcase classname="testCases.TC02_Login" name="testLogin" time="2.958"/>
  <testcase classname="testCases.TC02_Login" name="testLogin" time="3.935"/>
  <testcase classname="testCases.TC02_Login" name="testLogin" time="4.929"/>
  <testcase classname="testCases.TC02_Login" name="testLogin" time="3.139"/>
  <testcase classname="testCases.TC04_CompletePurchase" name="testCompletePurchase" time="70.288"/>
  <testcase classname="testCases.TC06_PurchaseAGiftCertificate" name="testPurchaseAGiftCertificate" time="0.0">
    <ignored/>
  </testcase> <!-- testPurchaseAGiftCertificate -->
  <testcase classname="testCases.TC05_AddAnItemToWishList" name="testAddToWishList" time="0.0">
    <ignored/>
  </testcase> <!-- testAddToWishList -->
</testsuite> <!-- chromeTest -->
