<?xml version="1.0" encoding="UTF-8"?>
<testng-results ignored="0" total="8" passed="8" failed="0" skipped="0">
  <reporter-output>
  </reporter-output>
  <suite started-at="2025-02-18T11:05:14 CST" name="Suite" finished-at="2025-02-18T11:07:01 CST" duration-ms="107457">
    <groups>
      <group name="datadriven">
        <method signature="TC02_Login.testLogin(java.lang.String,java.lang.String)[pri:0, instance:testCases.TC02_Login@58326051]" name="testLogin" class="testCases.TC02_Login"/>
      </group> <!-- datadriven -->
      <group name="regression">
        <method signature="TC01_LaunchApplication.testLaunchApplication()[pri:0, instance:testCases.TC01_LaunchApplication@1e097d59]" name="testLaunchApplication" class="testCases.TC01_LaunchApplication"/>
        <method signature="TC02_Login.testLogin(java.lang.String,java.lang.String)[pri:0, instance:testCases.TC02_Login@58326051]" name="testLogin" class="testCases.TC02_Login"/>
        <method signature="TC03_AddToCart.testAddToCart()[pri:0, instance:testCases.TC03_AddToCart@77128536]" name="testAddToCart" class="testCases.TC03_AddToCart"/>
        <method signature="TC04_CompletePurchase.testCompletePurchase()[pri:0, instance:testCases.TC04_CompletePurchase@64bce832]" name="testCompletePurchase" class="testCases.TC04_CompletePurchase"/>
      </group> <!-- regression -->
      <group name="smoke">
        <method signature="TC01_LaunchApplication.testLaunchApplication()[pri:0, instance:testCases.TC01_LaunchApplication@1e097d59]" name="testLaunchApplication" class="testCases.TC01_LaunchApplication"/>
        <method signature="TC02_Login.testLogin(java.lang.String,java.lang.String)[pri:0, instance:testCases.TC02_Login@58326051]" name="testLogin" class="testCases.TC02_Login"/>
        <method signature="TC03_AddToCart.testAddToCart()[pri:0, instance:testCases.TC03_AddToCart@77128536]" name="testAddToCart" class="testCases.TC03_AddToCart"/>
        <method signature="TC04_CompletePurchase.testCompletePurchase()[pri:0, instance:testCases.TC04_CompletePurchase@64bce832]" name="testCompletePurchase" class="testCases.TC04_CompletePurchase"/>
      </group> <!-- smoke -->
    </groups>
    <test started-at="2025-02-18T11:05:14 CST" name="chromeTest" finished-at="2025-02-18T11:07:01 CST" duration-ms="107457">
      <class name="testCases.TC02_Login">
        <test-method is-config="true" signature="openApp(java.lang.String,java.lang.String)[pri:0, instance:testCases.TC02_Login@58326051]" started-at="2025-02-18T11:05:26 CST" name="openApp" finished-at="2025-02-18T11:05:28 CST" duration-ms="2362" status="PASS">
          <params>
            <param index="0">
              <value>
                <![CDATA[mac]]>
              </value>
            </param>
            <param index="1">
              <value>
                <![CDATA[chrome]]>
              </value>
            </param>
          </params>
          <reporter-output>
          </reporter-output>
        </test-method> <!-- openApp -->
        <test-method signature="testLogin(java.lang.String,java.lang.String)[pri:0, instance:testCases.TC02_Login@58326051]" started-at="2025-02-18T11:05:29 CST" name="testLogin" data-provider="LoginData" finished-at="2025-02-18T11:05:32 CST" duration-ms="3682" status="PASS">
          <params>
            <param index="0">
              <value>
                <![CDATA[goodmorning@gmail.com]]>
              </value>
            </param>
            <param index="1">
              <value>
                <![CDATA[test@1234]]>
              </value>
            </param>
          </params>
          <reporter-output>
          </reporter-output>
        </test-method> <!-- testLogin -->
        <test-method signature="testLogin(java.lang.String,java.lang.String)[pri:0, instance:testCases.TC02_Login@58326051]" started-at="2025-02-18T11:05:32 CST" name="testLogin" data-provider="LoginData" finished-at="2025-02-18T11:05:35 CST" duration-ms="2958" status="PASS">
          <params>
            <param index="0">
              <value>
                <![CDATA[test121@test.com]]>
              </value>
            </param>
            <param index="1">
              <value>
                <![CDATA[test123]]>
              </value>
            </param>
          </params>
          <reporter-output>
          </reporter-output>
        </test-method> <!-- testLogin -->
        <test-method signature="testLogin(java.lang.String,java.lang.String)[pri:0, instance:testCases.TC02_Login@58326051]" started-at="2025-02-18T11:05:35 CST" name="testLogin" data-provider="LoginData" finished-at="2025-02-18T11:05:39 CST" duration-ms="3935" status="PASS">
          <params>
            <param index="0">
              <value>
                <![CDATA[sid@cloudberry.services]]>
              </value>
            </param>
            <param index="1">
              <value>
                <![CDATA[Test123]]>
              </value>
            </param>
          </params>
          <reporter-output>
          </reporter-output>
        </test-method> <!-- testLogin -->
        <test-method signature="testLogin(java.lang.String,java.lang.String)[pri:0, instance:testCases.TC02_Login@58326051]" started-at="2025-02-18T11:05:39 CST" name="testLogin" data-provider="LoginData" finished-at="2025-02-18T11:05:44 CST" duration-ms="4929" status="PASS">
          <params>
            <param index="0">
              <value>
                <![CDATA[otisdog22@yahoo.com]]>
              </value>
            </param>
            <param index="1">
              <value>
                <![CDATA[1234QWERT]]>
              </value>
            </param>
          </params>
          <reporter-output>
          </reporter-output>
        </test-method> <!-- testLogin -->
        <test-method signature="testLogin(java.lang.String,java.lang.String)[pri:0, instance:testCases.TC02_Login@58326051]" started-at="2025-02-18T11:05:44 CST" name="testLogin" data-provider="LoginData" finished-at="2025-02-18T11:05:47 CST" duration-ms="3139" status="PASS">
          <params>
            <param index="0">
              <value>
                <![CDATA[shalaka.dongre@gmail.com]]>
              </value>
            </param>
            <param index="1">
              <value>
                <![CDATA[Test123!]]>
              </value>
            </param>
          </params>
          <reporter-output>
          </reporter-output>
        </test-method> <!-- testLogin -->
        <test-method is-config="true" signature="closeApp()[pri:0, instance:testCases.TC02_Login@58326051]" started-at="2025-02-18T11:05:47 CST" name="closeApp" finished-at="2025-02-18T11:05:47 CST" duration-ms="92" status="PASS">
          <reporter-output>
          </reporter-output>
        </test-method> <!-- closeApp -->
      </class> <!-- testCases.TC02_Login -->
      <class name="testCases.TC01_LaunchApplication">
        <test-method is-config="true" signature="openApp(java.lang.String,java.lang.String)[pri:0, instance:testCases.TC01_LaunchApplication@1e097d59]" started-at="2025-02-18T11:05:14 CST" name="openApp" finished-at="2025-02-18T11:05:19 CST" duration-ms="5521" status="PASS">
          <params>
            <param index="0">
              <value>
                <![CDATA[mac]]>
              </value>
            </param>
            <param index="1">
              <value>
                <![CDATA[chrome]]>
              </value>
            </param>
          </params>
          <reporter-output>
          </reporter-output>
        </test-method> <!-- openApp -->
        <test-method signature="testLaunchApplication()[pri:0, instance:testCases.TC01_LaunchApplication@1e097d59]" started-at="2025-02-18T11:05:19 CST" name="testLaunchApplication" finished-at="2025-02-18T11:05:19 CST" duration-ms="29" status="PASS">
          <reporter-output>
          </reporter-output>
        </test-method> <!-- testLaunchApplication -->
        <test-method is-config="true" signature="closeApp()[pri:0, instance:testCases.TC01_LaunchApplication@1e097d59]" started-at="2025-02-18T11:05:19 CST" name="closeApp" finished-at="2025-02-18T11:05:19 CST" duration-ms="87" status="PASS">
          <reporter-output>
          </reporter-output>
        </test-method> <!-- closeApp -->
      </class> <!-- testCases.TC01_LaunchApplication -->
      <class name="testCases.TC03_AddToCart">
        <test-method is-config="true" signature="openApp(java.lang.String,java.lang.String)[pri:0, instance:testCases.TC03_AddToCart@77128536]" started-at="2025-02-18T11:05:19 CST" name="openApp" finished-at="2025-02-18T11:05:22 CST" duration-ms="2134" status="PASS">
          <params>
            <param index="0">
              <value>
                <![CDATA[mac]]>
              </value>
            </param>
            <param index="1">
              <value>
                <![CDATA[chrome]]>
              </value>
            </param>
          </params>
          <reporter-output>
          </reporter-output>
        </test-method> <!-- openApp -->
        <test-method signature="testAddToCart()[pri:0, instance:testCases.TC03_AddToCart@77128536]" started-at="2025-02-18T11:05:22 CST" name="testAddToCart" finished-at="2025-02-18T11:05:26 CST" duration-ms="4152" status="PASS">
          <reporter-output>
          </reporter-output>
        </test-method> <!-- testAddToCart -->
        <test-method is-config="true" signature="closeApp()[pri:0, instance:testCases.TC03_AddToCart@77128536]" started-at="2025-02-18T11:05:26 CST" name="closeApp" finished-at="2025-02-18T11:05:26 CST" duration-ms="91" status="PASS">
          <reporter-output>
          </reporter-output>
        </test-method> <!-- closeApp -->
      </class> <!-- testCases.TC03_AddToCart -->
      <class name="testCases.TC04_CompletePurchase">
        <test-method is-config="true" signature="openApp(java.lang.String,java.lang.String)[pri:0, instance:testCases.TC04_CompletePurchase@64bce832]" started-at="2025-02-18T11:05:47 CST" name="openApp" finished-at="2025-02-18T11:05:51 CST" duration-ms="3537" status="PASS">
          <params>
            <param index="0">
              <value>
                <![CDATA[mac]]>
              </value>
            </param>
            <param index="1">
              <value>
                <![CDATA[chrome]]>
              </value>
            </param>
          </params>
          <reporter-output>
          </reporter-output>
        </test-method> <!-- openApp -->
        <test-method signature="testCompletePurchase()[pri:0, instance:testCases.TC04_CompletePurchase@64bce832]" started-at="2025-02-18T11:05:51 CST" name="testCompletePurchase" finished-at="2025-02-18T11:07:01 CST" duration-ms="70288" status="PASS">
          <reporter-output>
          </reporter-output>
        </test-method> <!-- testCompletePurchase -->
        <test-method is-config="true" signature="closeApp()[pri:0, instance:testCases.TC04_CompletePurchase@64bce832]" started-at="2025-02-18T11:07:01 CST" name="closeApp" finished-at="2025-02-18T11:07:01 CST" duration-ms="125" status="PASS">
          <reporter-output>
          </reporter-output>
        </test-method> <!-- closeApp -->
      </class> <!-- testCases.TC04_CompletePurchase -->
    </test> <!-- chromeTest -->
  </suite> <!-- Suite -->
</testng-results>
